\BOOKMARK [-1][-]{part.1}{I Einleitung}{}
\BOOKMARK [0][-]{chapter.1}{Vorwort}{part.1}
\BOOKMARK [-1][-]{part.2}{II GNU Linux - Das fremde System}{}
\BOOKMARK [0][-]{chapter.2}{Linux - Was ist das eigentlich?}{part.2}
\BOOKMARK [1][-]{section.2.1}{Eine kleine Einleitung}{chapter.2}
\BOOKMARK [1][-]{section.2.2}{Herkunft}{chapter.2}
\BOOKMARK [1][-]{section.2.3}{Die 4 grundlegenden GNU-Freiheiten}{chapter.2}
\BOOKMARK [0][-]{chapter.3}{Hardware-Grundkenntnisse und Wissenswertes}{part.2}
\BOOKMARK [1][-]{section.3.1}{Bits and Bytes - Wie der Computer Zahlen liest und speichert}{chapter.3}
\BOOKMARK [1][-]{section.3.2}{Big- and Little-Endianness - Byte-Strukturierung im Speicher}{chapter.3}
\BOOKMARK [2][-]{subsection.3.2.1}{Anwendungszwecke}{section.3.2}
\BOOKMARK [0][-]{chapter.4}{Das Jahr 2038 Problem}{part.2}
\BOOKMARK [1][-]{section.4.1}{Was ist aus dem Jahr 2000 Error geworden?}{chapter.4}
\BOOKMARK [1][-]{section.4.2}{Dunkle Wolken am Horizont - Das Jahr 2038}{chapter.4}
\BOOKMARK [0][-]{chapter.5}{Programmieren unter Linux}{part.2}
\BOOKMARK [-1][-]{part.3}{III Versionsverwaltung mit Subversion}{}
\BOOKMARK [0][-]{chapter.6}{Versionierung von Programmen}{part.3}
\BOOKMARK [1][-]{section.6.1}{Einleitung}{chapter.6}
\BOOKMARK [2][-]{subsection.6.1.1}{Mein Hund hat die Hausaufgaben gefressen!}{section.6.1}
\BOOKMARK [1][-]{section.6.2}{Das Konzept hinter der Versionsverwaltung}{chapter.6}
\BOOKMARK [0][-]{chapter.7}{Verf\374gbare Software}{part.3}
\BOOKMARK [-1][-]{part.4}{IV Programmieren mit Python}{}
\BOOKMARK [0][-]{chapter.8}{Die Welt der Skriptsprachen}{part.4}
\BOOKMARK [1][-]{section.8.1}{Was ist Python?}{chapter.8}
\BOOKMARK [1][-]{section.8.2}{Pythons Programmierparadigmen}{chapter.8}
\BOOKMARK [2][-]{subsection.8.2.1}{Objektorientierte Programmierung}{section.8.2}
\BOOKMARK [2][-]{subsection.8.2.2}{Aspektorientierte Programmierung}{section.8.2}
\BOOKMARK [2][-]{subsection.8.2.3}{Funktionale Programmierung}{section.8.2}
\BOOKMARK [0][-]{chapter.9}{Einf\374hrung in Python}{part.4}
\BOOKMARK [1][-]{section.9.1}{Sonderling Python - Eigenarten und Charakteristiken}{chapter.9}
\BOOKMARK [2][-]{subsection.9.1.1}{Syntax und Befehlszeichen}{section.9.1}
\BOOKMARK [2][-]{subsection.9.1.2}{Dynamische Typisierung}{section.9.1}
\BOOKMARK [2][-]{subsection.9.1.3}{Alles besteht aus Objekten}{section.9.1}
\BOOKMARK [2][-]{subsection.9.1.4}{Python ist kompatibel}{section.9.1}
\BOOKMARK [2][-]{subsection.9.1.5}{Python ist vielseitig}{section.9.1}
\BOOKMARK [1][-]{section.9.2}{Entwicklungsumgebungen f\374r Python}{chapter.9}
\BOOKMARK [2][-]{subsection.9.2.1}{Editoren}{section.9.2}
\BOOKMARK [1][-]{section.9.3}{Der Interpreter}{chapter.9}
\BOOKMARK [2][-]{subsection.9.3.1}{Interaktiver Modus}{section.9.3}
\BOOKMARK [2][-]{subsection.9.3.2}{Der Skript-Modus}{section.9.3}
\BOOKMARK [2][-]{subsection.9.3.3}{Direkte Ausf\374hrung von Python-Skripten}{section.9.3}
\BOOKMARK [1][-]{section.9.4}{Wie ein Interpreter/Compiler funktioniert}{chapter.9}
\BOOKMARK [2][-]{subsection.9.4.1}{Der Scanner}{section.9.4}
\BOOKMARK [2][-]{subsection.9.4.2}{Der Lexer}{section.9.4}
\BOOKMARK [2][-]{subsection.9.4.3}{Der Parser}{section.9.4}
\BOOKMARK [2][-]{subsection.9.4.4}{Der Compiler/Interpreter}{section.9.4}
\BOOKMARK [2][-]{subsection.9.4.5}{Der Linker}{section.9.4}
\BOOKMARK [-1][-]{part.5}{V ANSI-C-Kurs f\374r Anf\344nger}{}
\BOOKMARK [0][-]{chapter.10}{Hintergrundwissen}{part.5}
\BOOKMARK [1][-]{section.10.1}{Entwicklung und Geschichte von C}{chapter.10}
\BOOKMARK [1][-]{section.10.2}{C kommt - und bleibt!}{chapter.10}
\BOOKMARK [1][-]{section.10.3}{Grossvater UNIX und Stiefenkel Linux}{chapter.10}
\BOOKMARK [1][-]{section.10.4}{\334ber ANSI-C und C++}{chapter.10}
\BOOKMARK [2][-]{subsection.10.4.1}{C-Standards und dieses Buch}{section.10.4}
\BOOKMARK [0][-]{chapter.11}{Voraussetzungen und Software}{part.5}
\BOOKMARK [1][-]{section.11.1}{Die Basis - Das Betriebssystem}{chapter.11}
\BOOKMARK [1][-]{section.11.2}{Compiler - Unterschiedliche Standards und Versionen}{chapter.11}
\BOOKMARK [1][-]{section.11.3}{Editoren - Die Qual der Wahl}{chapter.11}
\BOOKMARK [0][-]{chapter.12}{Datentypen}{part.5}
\BOOKMARK [0][-]{chapter.13}{Einf\374hrung in die Sprache C}{part.5}
\BOOKMARK [0][-]{chapter.14}{Das erste Programm}{part.5}
\BOOKMARK [-1][-]{part.6}{VI Der C++-Kurs}{}
\BOOKMARK [0][-]{chapter.15}{Hintergrundwissen}{part.6}
\BOOKMARK [1][-]{section.15.1}{Entwicklung und Geschichte von C++}{chapter.15}
\BOOKMARK [-1][-]{part.7}{VII Grundlagen der Netzwerktheorie}{}
\BOOKMARK [0][-]{chapter.16}{Einleitung}{part.7}
\BOOKMARK [1][-]{section.16.1}{Netzwerke}{chapter.16}
\BOOKMARK [1][-]{section.16.2}{Das Internet}{chapter.16}
\BOOKMARK [0][-]{chapter.17}{Hintergr\374nde zu Internet- und Netzwerktechnologien}{part.7}
\BOOKMARK [1][-]{section.17.1}{Die Geschichte des Internets}{chapter.17}
\BOOKMARK [0][-]{chapter.18}{Netzwerk-Typen}{part.7}
\BOOKMARK [1][-]{section.18.1}{Das Client-Server-Prinzip}{chapter.18}
\BOOKMARK [1][-]{section.18.2}{Peer to Peer \(P2P\)-Netzwerke}{chapter.18}
\BOOKMARK [0][-]{chapter.19}{Das HTTP-Protokol und die dynamischen Programmiersprachen}{part.7}
\BOOKMARK [1][-]{section.19.1}{Dynamische Programmiersprachen erobern das Web}{chapter.19}
\BOOKMARK [0][-]{chapter.20}{Das OSI-Schichten-Modell}{part.7}
\BOOKMARK [0][-]{chapter.21}{Hacker und die Macht der Informationen}{part.7}
\BOOKMARK [0][-]{chapter.22}{TCP/IP - Das Internet-Protokoll}{part.7}
\BOOKMARK [0][-]{chapter.23}{Socket-Verbindungen unter Linux}{part.7}
\BOOKMARK [1][-]{section.23.1}{Die verschiedenen Socket-Typen}{chapter.23}
\BOOKMARK [2][-]{subsection.23.1.1}{BSD-Sockets}{section.23.1}
\BOOKMARK [2][-]{subsection.23.1.2}{Unix Domain Sockets}{section.23.1}
\BOOKMARK [2][-]{subsection.23.1.3}{Struktur und Aufbau von Sockets}{section.23.1}
\BOOKMARK [1][-]{section.23.2}{TCP oder UDP, das ist hier die Frage}{chapter.23}
\BOOKMARK [1][-]{section.23.3}{Ablauf einer Client-Server-Verbindung}{chapter.23}
\BOOKMARK [0][-]{chapter.24}{Einf\374hrung in die Socket-Programmierung}{part.7}
\BOOKMARK [1][-]{section.24.1}{Grundbefehle der Socket-API}{chapter.24}
\BOOKMARK [2][-]{subsection.24.1.1}{socket\(\)}{section.24.1}
\BOOKMARK [1][-]{section.24.2}{Das 1. Server-Programm}{chapter.24}
\BOOKMARK [-1][-]{part.8}{VIII SDL - Der Simple DirectMedia Layer}{}
\BOOKMARK [0][-]{chapter.25}{SDL-Initialisierung}{part.8}
\BOOKMARK [1][-]{section.25.1}{Einige Hintergrundinformationen...}{chapter.25}
\BOOKMARK [1][-]{section.25.2}{Installation}{chapter.25}
\BOOKMARK [2][-]{subsection.25.2.1}{Header-Dateien}{section.25.2}
\BOOKMARK [1][-]{section.25.3}{SDL Modi initialisieren}{chapter.25}
\BOOKMARK [2][-]{subsection.25.3.1}{Die ODER-Tabelle}{section.25.3}
\BOOKMARK [-1][-]{part.9}{IX Emulation - Fremde Systeme simulieren}{}
\BOOKMARK [0][-]{chapter.26}{Von Emulatoren und Nostalgikern}{part.9}
\BOOKMARK [1][-]{section.26.1}{Definition}{chapter.26}
\BOOKMARK [1][-]{section.26.2}{Anwendungszwecke von Emulatoren}{chapter.26}
\BOOKMARK [1][-]{section.26.3}{Aufbau dieses Parts}{chapter.26}
