Build started 11/28/2013 1:44:58 AM.
     1>Project "C:\Users\batman_2\documents\visual studio 2012\Projects\GDX\GDX\GDX.vcxproj" on node 2 (Build target(s)).
     1>ClCompile:
         C:\Program Files (x86)\Microsoft Visual Studio 11.0\VC\bin\CL.exe /c /I"./SDL-1.2.15/include" /I"./glew-1.10.0/include" /Zi /nologo /W3 /WX- /O2 /Oi /Oy- /GL /D WIN32 /D NDEBUG /D _CONSOLE /D _UNICODE /D UNICODE /Gm- /EHsc /MD /GS /Gy /fp:precise /Zc:wchar_t /Zc:forScope /Fo"Release\\" /Fd"Release\vc110.pdb" /Gd /TP /analyze- /errorReport:prompt main.cpp
         main.cpp
       Link:
         C:\Program Files (x86)\Microsoft Visual Studio 11.0\VC\bin\link.exe /ERRORREPORT:PROMPT /OUT:"C:\Users\batman_2\documents\visual studio 2012\Projects\GDX\Release\GDX.exe" /INCREMENTAL:NO /NOLOGO /LIBPATH:"./SDL-1.2.15/lib/x86" /LIBPATH:"./glew-1.10.0/lib/Release/Win32" SDL.lib SDLmain.lib opengl32.lib glew32.lib glew32s.lib kernel32.lib user32.lib gdi32.lib winspool.lib comdlg32.lib advapi32.lib shell32.lib ole32.lib oleaut32.lib uuid.lib odbc32.lib odbccp32.lib /MANIFEST /MANIFESTUAC:"level='asInvoker' uiAccess='false'" /manifest:embed /DEBUG /PDB:"C:\Users\batman_2\documents\visual studio 2012\Projects\GDX\Release\GDX.pdb" /SUBSYSTEM:CONSOLE /OPT:REF /OPT:ICF /LTCG /TLBID:1 /DYNAMICBASE /NXCOMPAT /IMPLIB:"C:\Users\batman_2\documents\visual studio 2012\Projects\GDX\Release\GDX.lib" /MACHINE:X86 /SAFESEH Release\camera.obj
         Release\component.obj
         Release\display.obj
         Release\engine.obj
         Release\game.obj
         Release\gameObject.obj
         Release\input.obj
         Release\main.obj
         Release\material.obj
         Release\math3d.obj
         Release\mesh.obj
         Release\mouseLook.obj
         Release\myGame.obj
         Release\renderer.obj
         Release\renderingEngine.obj
         Release\shader.obj
         Release\stb_image.obj
         Release\texture.obj
         Release\timing.obj
         Release\transform.obj
         Generating code
         Finished generating code
         GDX.vcxproj -> C:\Users\batman_2\documents\visual studio 2012\Projects\GDX\Release\GDX.exe
     1>Done Building Project "C:\Users\batman_2\documents\visual studio 2012\Projects\GDX\GDX\GDX.vcxproj" (Build target(s)).

Build succeeded.

Time Elapsed 00:00:03.82
