This is pdfTeX, Version 3.1415926-1.40.10 (TeX Live 2009/Debian) (format=latex 2012.9.10)  11 SEP 2012 09:13
entering extended mode
 %&-line parsing enabled.
**bewerbung.tex
(./bewerbung.tex
LaTeX2e <2009/09/24>
Babel <v3.8l> and hyphenation patterns for english, usenglishmax, dumylang, noh
yphenation, loaded.

! LaTeX Error: File `g-brief.cls' not found.

Type X to quit or <RETURN> to proceed,
or enter new name. (Default extension: cls)

Enter file name: 
! Emergency stop.
<read *> 
         
l.2 \usepackage
               [ngerman]{babel}^^M
*** (cannot \read from terminal in nonstop modes)

 
Here is how much of TeX's memory you used:
 10 strings out of 495062
 198 string characters out of 1182644
 45108 words of memory out of 3000000
 3285 multiletter control sequences out of 15000+50000
 3640 words of font info for 14 fonts, out of 3000000 for 9000
 28 hyphenation exceptions out of 8191
 10i,0n,7p,60b,8s stack positions out of 5000i,500n,10000p,200000b,50000s
No pages of output.
