C:\USERS\BATMAN_2\DOCUMENTS\VISUAL STUDIO 2012\PROJECTS\GDX\GDX\DEBUG\CAMERA.OBJ
C:\USERS\BATMAN_2\DOCUMENTS\VISUAL STUDIO 2012\PROJECTS\GDX\GDX\DEBUG\COMPONENT.OBJ
C:\USERS\BATMAN_2\DOCUMENTS\VISUAL STUDIO 2012\PROJECTS\GDX\GDX\DEBUG\DISPLAY.OBJ
C:\USERS\BATMAN_2\DOCUMENTS\VISUAL STUDIO 2012\PROJECTS\GDX\GDX\DEBUG\ENGINE.OBJ
C:\USERS\BATMAN_2\DOCUMENTS\VISUAL STUDIO 2012\PROJECTS\GDX\GDX\DEBUG\GAME.OBJ
C:\USERS\BATMAN_2\DOCUMENTS\VISUAL STUDIO 2012\PROJECTS\GDX\GDX\DEBUG\GAMEOBJECT.OBJ
C:\USERS\BATMAN_2\DOCUMENTS\VISUAL STUDIO 2012\PROJECTS\GDX\GDX\DEBUG\INPUT.OBJ
C:\USERS\BATMAN_2\DOCUMENTS\VISUAL STUDIO 2012\PROJECTS\GDX\GDX\DEBUG\MAIN.OBJ
C:\USERS\BATMAN_2\DOCUMENTS\VISUAL STUDIO 2012\PROJECTS\GDX\GDX\DEBUG\MATERIAL.OBJ
C:\USERS\BATMAN_2\DOCUMENTS\VISUAL STUDIO 2012\PROJECTS\GDX\GDX\DEBUG\MATH3D.OBJ
C:\USERS\BATMAN_2\DOCUMENTS\VISUAL STUDIO 2012\PROJECTS\GDX\GDX\DEBUG\MESH.OBJ
C:\USERS\BATMAN_2\DOCUMENTS\VISUAL STUDIO 2012\PROJECTS\GDX\GDX\DEBUG\MOUSELOOK.OBJ
C:\USERS\BATMAN_2\DOCUMENTS\VISUAL STUDIO 2012\PROJECTS\GDX\GDX\DEBUG\MYGAME.OBJ
C:\USERS\BATMAN_2\DOCUMENTS\VISUAL STUDIO 2012\PROJECTS\GDX\GDX\DEBUG\RENDERER.OBJ
C:\USERS\BATMAN_2\DOCUMENTS\VISUAL STUDIO 2012\PROJECTS\GDX\GDX\DEBUG\RENDERINGENGINE.OBJ
C:\USERS\BATMAN_2\DOCUMENTS\VISUAL STUDIO 2012\PROJECTS\GDX\GDX\DEBUG\SHADER.OBJ
C:\USERS\BATMAN_2\DOCUMENTS\VISUAL STUDIO 2012\PROJECTS\GDX\GDX\DEBUG\TEXTURE.OBJ
C:\USERS\BATMAN_2\DOCUMENTS\VISUAL STUDIO 2012\PROJECTS\GDX\GDX\DEBUG\TIMING.OBJ
C:\USERS\BATMAN_2\DOCUMENTS\VISUAL STUDIO 2012\PROJECTS\GDX\GDX\DEBUG\TRANSFORM.OBJ
C:\USERS\BATMAN_2\DOCUMENTS\VISUAL STUDIO 2012\PROJECTS\GDX\GDX\DEBUG\UTIL.OBJ
C:\USERS\BATMAN_2\DOCUMENTS\VISUAL STUDIO 2012\PROJECTS\GDX\GDX\DEBUG\VC110.PDB
C:\USERS\BATMAN_2\DOCUMENTS\VISUAL STUDIO 2012\PROJECTS\GDX\GDX\DEBUG\STB_IMAGE.OBJ
C:\USERS\BATMAN_2\DOCUMENTS\VISUAL STUDIO 2012\PROJECTS\GDX\DEBUG\GDX.ILK
C:\USERS\BATMAN_2\DOCUMENTS\VISUAL STUDIO 2012\PROJECTS\GDX\DEBUG\GDX.EXE
C:\USERS\BATMAN_2\DOCUMENTS\VISUAL STUDIO 2012\PROJECTS\GDX\DEBUG\GDX.PDB
C:\Users\batman_2\documents\visual studio 2012\Projects\GDX\GDX\Debug\camera.obj
C:\Users\batman_2\documents\visual studio 2012\Projects\GDX\GDX\Debug\component.obj
C:\Users\batman_2\documents\visual studio 2012\Projects\GDX\GDX\Debug\display.obj
C:\Users\batman_2\documents\visual studio 2012\Projects\GDX\GDX\Debug\engine.obj
C:\Users\batman_2\documents\visual studio 2012\Projects\GDX\GDX\Debug\game.obj
C:\Users\batman_2\documents\visual studio 2012\Projects\GDX\GDX\Debug\gameObject.obj
C:\Users\batman_2\documents\visual studio 2012\Projects\GDX\GDX\Debug\input.obj
C:\Users\batman_2\documents\visual studio 2012\Projects\GDX\GDX\Debug\main.obj
C:\Users\batman_2\documents\visual studio 2012\Projects\GDX\GDX\Debug\material.obj
C:\Users\batman_2\documents\visual studio 2012\Projects\GDX\GDX\Debug\math3d.obj
C:\Users\batman_2\documents\visual studio 2012\Projects\GDX\GDX\Debug\mesh.obj
C:\Users\batman_2\documents\visual studio 2012\Projects\GDX\GDX\Debug\mouseLook.obj
C:\Users\batman_2\documents\visual studio 2012\Projects\GDX\GDX\Debug\myGame.obj
C:\Users\batman_2\documents\visual studio 2012\Projects\GDX\GDX\Debug\renderer.obj
C:\Users\batman_2\documents\visual studio 2012\Projects\GDX\GDX\Debug\renderingEngine.obj
C:\Users\batman_2\documents\visual studio 2012\Projects\GDX\GDX\Debug\shader.obj
C:\Users\batman_2\documents\visual studio 2012\Projects\GDX\GDX\Debug\stb_image.obj
C:\Users\batman_2\documents\visual studio 2012\Projects\GDX\GDX\Debug\texture.obj
C:\Users\batman_2\documents\visual studio 2012\Projects\GDX\GDX\Debug\timing.obj
C:\Users\batman_2\documents\visual studio 2012\Projects\GDX\GDX\Debug\transform.obj
C:\Users\batman_2\documents\visual studio 2012\Projects\GDX\GDX\Debug\util.obj
C:\Users\batman_2\documents\visual studio 2012\Projects\GDX\GDX\Debug\cl.command.1.tlog
C:\Users\batman_2\documents\visual studio 2012\Projects\GDX\GDX\Debug\CL.read.1.tlog
C:\Users\batman_2\documents\visual studio 2012\Projects\GDX\GDX\Debug\CL.write.1.tlog
C:\Users\batman_2\documents\visual studio 2012\Projects\GDX\GDX\Debug\link-cvtres.read.1.tlog
C:\Users\batman_2\documents\visual studio 2012\Projects\GDX\GDX\Debug\link-cvtres.write.1.tlog
C:\Users\batman_2\documents\visual studio 2012\Projects\GDX\GDX\Debug\link-rc.read.1.tlog
C:\Users\batman_2\documents\visual studio 2012\Projects\GDX\GDX\Debug\link-rc.write.1.tlog
C:\Users\batman_2\documents\visual studio 2012\Projects\GDX\GDX\Debug\link.4700-cvtres.read.1.tlog
C:\Users\batman_2\documents\visual studio 2012\Projects\GDX\GDX\Debug\link.4700-cvtres.write.1.tlog
C:\Users\batman_2\documents\visual studio 2012\Projects\GDX\GDX\Debug\link.4700-rc.read.1.tlog
C:\Users\batman_2\documents\visual studio 2012\Projects\GDX\GDX\Debug\link.4700-rc.write.1.tlog
C:\Users\batman_2\documents\visual studio 2012\Projects\GDX\GDX\Debug\link.4700.read.1.tlog
C:\Users\batman_2\documents\visual studio 2012\Projects\GDX\GDX\Debug\link.4700.write.1.tlog
C:\Users\batman_2\documents\visual studio 2012\Projects\GDX\GDX\Debug\link.command.1.tlog
C:\Users\batman_2\documents\visual studio 2012\Projects\GDX\GDX\Debug\link.read.1.tlog
C:\Users\batman_2\documents\visual studio 2012\Projects\GDX\GDX\Debug\link.write.1.tlog
C:\Users\batman_2\documents\visual studio 2012\Projects\GDX\GDX\Debug\vc110.idb
C:\Users\batman_2\documents\visual studio 2012\Projects\GDX\GDX\Debug\vc110.pdb
C:\Users\batman_2\documents\visual studio 2012\Projects\GDX\Debug\GDX.pdb
C:\Users\batman_2\documents\visual studio 2012\Projects\GDX\Debug\GDX.exe
C:\Users\batman_2\documents\visual studio 2012\Projects\GDX\Debug\GDX.ilk
