Build started 11/29/2013 8:36:20 PM.
     1>Project "C:\Users\batman_2\documents\visual studio 2012\Projects\GDX\GDX\GDX.vcxproj" on node 2 (Build target(s)).
     1>ClCompile:
         C:\Program Files (x86)\Microsoft Visual Studio 11.0\VC\bin\CL.exe /c /I"./assimp--3.0.1270-sdk/include" /I"./SDL-1.2.15/include" /I"./glew-1.10.0/include" /ZI /nologo /W3 /WX- /Od /Oy- /D WIN32 /D _DEBUG /D _CONSOLE /D _UNICODE /D UNICODE /Gm /EHsc /RTC1 /MDd /GS /fp:precise /Zc:wchar_t /Zc:forScope /Fo"Debug\\" /Fd"Debug\vc110.pdb" /Gd /TP /analyze- /errorReport:prompt engine.cpp
         engine.cpp
       Link:
         C:\Program Files (x86)\Microsoft Visual Studio 11.0\VC\bin\link.exe /ERRORREPORT:PROMPT /OUT:"C:\Users\batman_2\documents\visual studio 2012\Projects\GDX\Debug\GDX.exe" /INCREMENTAL /NOLOGO /LIBPATH:"./assimp--3.0.1270-sdk/lib/assimp_debug-dll_win32" /LIBPATH:"./SDL-1.2.15/lib/x86" /LIBPATH:"./glew-1.10.0/lib/Release/Win32" SDL.lib SDLmain.lib opengl32.lib glew32.lib glew32s.lib assimp.lib kernel32.lib user32.lib gdi32.lib winspool.lib comdlg32.lib advapi32.lib shell32.lib ole32.lib oleaut32.lib uuid.lib odbc32.lib odbccp32.lib /MANIFEST /MANIFESTUAC:"level='asInvoker' uiAccess='false'" /manifest:embed /DEBUG /PDB:"C:\Users\batman_2\documents\visual studio 2012\Projects\GDX\Debug\GDX.pdb" /SUBSYSTEM:CONSOLE /TLBID:1 /DYNAMICBASE /NXCOMPAT /IMPLIB:"C:\Users\batman_2\documents\visual studio 2012\Projects\GDX\Debug\GDX.lib" /MACHINE:X86 Debug\camera.obj
         Debug\component.obj
         Debug\display.obj
         Debug\engine.obj
         Debug\game.obj
         Debug\gameObject.obj
         Debug\input.obj
         Debug\main.obj
         Debug\material.obj
         Debug\math3d.obj
         Debug\mesh.obj
         Debug\mouseLook.obj
         Debug\myGame.obj
         Debug\renderer.obj
         Debug\renderingEngine.obj
         Debug\shader.obj
         Debug\stb_image.obj
         Debug\texture.obj
         Debug\timing.obj
         Debug\transform.obj
         Debug\util.obj
         GDX.vcxproj -> C:\Users\batman_2\documents\visual studio 2012\Projects\GDX\Debug\GDX.exe
     1>Done Building Project "C:\Users\batman_2\documents\visual studio 2012\Projects\GDX\GDX\GDX.vcxproj" (Build target(s)).

Build succeeded.

Time Elapsed 00:00:01.71
